#-----------------------------------------------------------
# Vivado v2018.2 (64-bit)
# SW Build 2258646 on Thu Jun 14 20:03:12 MDT 2018
# IP Build 2256618 on Thu Jun 14 22:10:49 MDT 2018
# Start of session at: Sat Nov 30 14:13:17 2024
# Process ID: 10136
# Current directory: C:/Users/ADMIN/Vivado_project/r_i type datapath
# Command line: vivado.exe -gui_launcher_event rodinguilauncherevent2592 C:\Users\ADMIN\Vivado_project\r_i type datapath\r_i type datapath.xpr
# Log file: C:/Users/ADMIN/Vivado_project/r_i type datapath/vivado.log
# Journal file: C:/Users/ADMIN/Vivado_project/r_i type datapath\vivado.jou
#-----------------------------------------------------------
start_gui
open_project {C:/Users/ADMIN/Vivado_project/r_i type datapath/r_i type datapath.xpr}
Scanning sources...
Finished scanning sources
INFO: [IP_Flow 19-234] Refreshing IP repositories
INFO: [IP_Flow 19-1704] No user IP repositories specified
INFO: [IP_Flow 19-2313] Loaded Vivado IP repository 'D:/Xilinx/Vivado/2018.2/data/ip'.
open_project: Time (s): cpu = 00:00:08 ; elapsed = 00:00:05 . Memory (MB): peak = 849.531 ; gain = 111.840
exit
INFO: [Common 17-206] Exiting Vivado at Sat Nov 30 14:13:34 2024...
