
*** Running vivado
    with args -log instruction_memory.vds -m64 -product Vivado -mode batch -messageDb vivado.pb -notrace -source instruction_memory.tcl


****** Vivado v2018.2 (64-bit)
  **** SW Build 2258646 on Thu Jun 14 20:03:12 MDT 2018
  **** IP Build 2256618 on Thu Jun 14 22:10:49 MDT 2018
    ** Copyright 1986-2018 Xilinx, Inc. All Rights Reserved.

source instruction_memory.tcl -notrace
Command: synth_design -top instruction_memory -part xc7a35tcpg236-1
Starting synth_design
Attempting to get a license for feature 'Synthesis' and/or device 'xc7a35t'
INFO: [Common 17-349] Got license for feature 'Synthesis' and/or device 'xc7a35t'
INFO: Launching helper process for spawning children vivado processes
INFO: Helper process launched with PID 14372 
---------------------------------------------------------------------------------
Starting Synthesize : Time (s): cpu = 00:00:03 ; elapsed = 00:00:04 . Memory (MB): peak = 408.691 ; gain = 95.668
---------------------------------------------------------------------------------
INFO: [Synth 8-6157] synthesizing module 'instruction_memory' [C:/Users/ADMIN/Vivado_project/instruction_memory/instruction_memory.srcs/sources_1/new/instruction_memory.v:23]

Warning: Trying to implement RAM in registers. Block RAM or DRAM implementation is not possible for one or more of the following reasons :
	1: Unable to determine number of words or word size in RAM. 
	2: No valid read/write found for RAM. 
RAM dissolved into registers
WARNING: [Synth 8-3848] Net Memory in module/entity instruction_memory does not have driver. [C:/Users/ADMIN/Vivado_project/instruction_memory/instruction_memory.srcs/sources_1/new/instruction_memory.v:29]
WARNING: [Synth 8-3848] Net Memory in module/entity instruction_memory does not have driver. [C:/Users/ADMIN/Vivado_project/instruction_memory/instruction_memory.srcs/sources_1/new/instruction_memory.v:29]
WARNING: [Synth 8-3848] Net Memory in module/entity instruction_memory does not have driver. [C:/Users/ADMIN/Vivado_project/instruction_memory/instruction_memory.srcs/sources_1/new/instruction_memory.v:29]
WARNING: [Synth 8-3848] Net Memory in module/entity instruction_memory does not have driver. [C:/Users/ADMIN/Vivado_project/instruction_memory/instruction_memory.srcs/sources_1/new/instruction_memory.v:29]
WARNING: [Synth 8-3848] Net Memory in module/entity instruction_memory does not have driver. [C:/Users/ADMIN/Vivado_project/instruction_memory/instruction_memory.srcs/sources_1/new/instruction_memory.v:29]
WARNING: [Synth 8-3848] Net Memory in module/entity instruction_memory does not have driver. [C:/Users/ADMIN/Vivado_project/instruction_memory/instruction_memory.srcs/sources_1/new/instruction_memory.v:29]
WARNING: [Synth 8-3848] Net Memory in module/entity instruction_memory does not have driver. [C:/Users/ADMIN/Vivado_project/instruction_memory/instruction_memory.srcs/sources_1/new/instruction_memory.v:29]
WARNING: [Synth 8-3848] Net Memory in module/entity instruction_memory does not have driver. [C:/Users/ADMIN/Vivado_project/instruction_memory/instruction_memory.srcs/sources_1/new/instruction_memory.v:29]
WARNING: [Synth 8-3848] Net Memory in module/entity instruction_memory does not have driver. [C:/Users/ADMIN/Vivado_project/instruction_memory/instruction_memory.srcs/sources_1/new/instruction_memory.v:29]
WARNING: [Synth 8-3848] Net Memory in module/entity instruction_memory does not have driver. [C:/Users/ADMIN/Vivado_project/instruction_memory/instruction_memory.srcs/sources_1/new/instruction_memory.v:29]
WARNING: [Synth 8-3848] Net Memory in module/entity instruction_memory does not have driver. [C:/Users/ADMIN/Vivado_project/instruction_memory/instruction_memory.srcs/sources_1/new/instruction_memory.v:29]
WARNING: [Synth 8-3848] Net Memory in module/entity instruction_memory does not have driver. [C:/Users/ADMIN/Vivado_project/instruction_memory/instruction_memory.srcs/sources_1/new/instruction_memory.v:29]
WARNING: [Synth 8-3848] Net Memory in module/entity instruction_memory does not have driver. [C:/Users/ADMIN/Vivado_project/instruction_memory/instruction_memory.srcs/sources_1/new/instruction_memory.v:29]
WARNING: [Synth 8-3848] Net Memory in module/entity instruction_memory does not have driver. [C:/Users/ADMIN/Vivado_project/instruction_memory/instruction_memory.srcs/sources_1/new/instruction_memory.v:29]
WARNING: [Synth 8-3848] Net Memory in module/entity instruction_memory does not have driver. [C:/Users/ADMIN/Vivado_project/instruction_memory/instruction_memory.srcs/sources_1/new/instruction_memory.v:29]
WARNING: [Synth 8-3848] Net Memory in module/entity instruction_memory does not have driver. [C:/Users/ADMIN/Vivado_project/instruction_memory/instruction_memory.srcs/sources_1/new/instruction_memory.v:29]
WARNING: [Synth 8-3848] Net Memory in module/entity instruction_memory does not have driver. [C:/Users/ADMIN/Vivado_project/instruction_memory/instruction_memory.srcs/sources_1/new/instruction_memory.v:29]
WARNING: [Synth 8-3848] Net Memory in module/entity instruction_memory does not have driver. [C:/Users/ADMIN/Vivado_project/instruction_memory/instruction_memory.srcs/sources_1/new/instruction_memory.v:29]
WARNING: [Synth 8-3848] Net Memory in module/entity instruction_memory does not have driver. [C:/Users/ADMIN/Vivado_project/instruction_memory/instruction_memory.srcs/sources_1/new/instruction_memory.v:29]
WARNING: [Synth 8-3848] Net Memory in module/entity instruction_memory does not have driver. [C:/Users/ADMIN/Vivado_project/instruction_memory/instruction_memory.srcs/sources_1/new/instruction_memory.v:29]
WARNING: [Synth 8-3848] Net Memory in module/entity instruction_memory does not have driver. [C:/Users/ADMIN/Vivado_project/instruction_memory/instruction_memory.srcs/sources_1/new/instruction_memory.v:29]
WARNING: [Synth 8-3848] Net Memory in module/entity instruction_memory does not have driver. [C:/Users/ADMIN/Vivado_project/instruction_memory/instruction_memory.srcs/sources_1/new/instruction_memory.v:29]
WARNING: [Synth 8-3848] Net Memory in module/entity instruction_memory does not have driver. [C:/Users/ADMIN/Vivado_project/instruction_memory/instruction_memory.srcs/sources_1/new/instruction_memory.v:29]
WARNING: [Synth 8-3848] Net Memory in module/entity instruction_memory does not have driver. [C:/Users/ADMIN/Vivado_project/instruction_memory/instruction_memory.srcs/sources_1/new/instruction_memory.v:29]
WARNING: [Synth 8-3848] Net Memory in module/entity instruction_memory does not have driver. [C:/Users/ADMIN/Vivado_project/instruction_memory/instruction_memory.srcs/sources_1/new/instruction_memory.v:29]
WARNING: [Synth 8-3848] Net Memory in module/entity instruction_memory does not have driver. [C:/Users/ADMIN/Vivado_project/instruction_memory/instruction_memory.srcs/sources_1/new/instruction_memory.v:29]
WARNING: [Synth 8-3848] Net Memory in module/entity instruction_memory does not have driver. [C:/Users/ADMIN/Vivado_project/instruction_memory/instruction_memory.srcs/sources_1/new/instruction_memory.v:29]
WARNING: [Synth 8-3848] Net Memory in module/entity instruction_memory does not have driver. [C:/Users/ADMIN/Vivado_project/instruction_memory/instruction_memory.srcs/sources_1/new/instruction_memory.v:29]
WARNING: [Synth 8-3848] Net Memory in module/entity instruction_memory does not have driver. [C:/Users/ADMIN/Vivado_project/instruction_memory/instruction_memory.srcs/sources_1/new/instruction_memory.v:29]
WARNING: [Synth 8-3848] Net Memory in module/entity instruction_memory does not have driver. [C:/Users/ADMIN/Vivado_project/instruction_memory/instruction_memory.srcs/sources_1/new/instruction_memory.v:29]
WARNING: [Synth 8-3848] Net Memory in module/entity instruction_memory does not have driver. [C:/Users/ADMIN/Vivado_project/instruction_memory/instruction_memory.srcs/sources_1/new/instruction_memory.v:29]
WARNING: [Synth 8-3848] Net Memory in module/entity instruction_memory does not have driver. [C:/Users/ADMIN/Vivado_project/instruction_memory/instruction_memory.srcs/sources_1/new/instruction_memory.v:29]
WARNING: [Synth 8-3848] Net Memory in module/entity instruction_memory does not have driver. [C:/Users/ADMIN/Vivado_project/instruction_memory/instruction_memory.srcs/sources_1/new/instruction_memory.v:29]
WARNING: [Synth 8-3848] Net Memory in module/entity instruction_memory does not have driver. [C:/Users/ADMIN/Vivado_project/instruction_memory/instruction_memory.srcs/sources_1/new/instruction_memory.v:29]
WARNING: [Synth 8-3848] Net Memory in module/entity instruction_memory does not have driver. [C:/Users/ADMIN/Vivado_project/instruction_memory/instruction_memory.srcs/sources_1/new/instruction_memory.v:29]
WARNING: [Synth 8-3848] Net Memory in module/entity instruction_memory does not have driver. [C:/Users/ADMIN/Vivado_project/instruction_memory/instruction_memory.srcs/sources_1/new/instruction_memory.v:29]
WARNING: [Synth 8-3848] Net Memory in module/entity instruction_memory does not have driver. [C:/Users/ADMIN/Vivado_project/instruction_memory/instruction_memory.srcs/sources_1/new/instruction_memory.v:29]
WARNING: [Synth 8-3848] Net Memory in module/entity instruction_memory does not have driver. [C:/Users/ADMIN/Vivado_project/instruction_memory/instruction_memory.srcs/sources_1/new/instruction_memory.v:29]
WARNING: [Synth 8-3848] Net Memory in module/entity instruction_memory does not have driver. [C:/Users/ADMIN/Vivado_project/instruction_memory/instruction_memory.srcs/sources_1/new/instruction_memory.v:29]
WARNING: [Synth 8-3848] Net Memory in module/entity instruction_memory does not have driver. [C:/Users/ADMIN/Vivado_project/instruction_memory/instruction_memory.srcs/sources_1/new/instruction_memory.v:29]
WARNING: [Synth 8-3848] Net Memory in module/entity instruction_memory does not have driver. [C:/Users/ADMIN/Vivado_project/instruction_memory/instruction_memory.srcs/sources_1/new/instruction_memory.v:29]
WARNING: [Synth 8-3848] Net Memory in module/entity instruction_memory does not have driver. [C:/Users/ADMIN/Vivado_project/instruction_memory/instruction_memory.srcs/sources_1/new/instruction_memory.v:29]
WARNING: [Synth 8-3848] Net Memory in module/entity instruction_memory does not have driver. [C:/Users/ADMIN/Vivado_project/instruction_memory/instruction_memory.srcs/sources_1/new/instruction_memory.v:29]
WARNING: [Synth 8-3848] Net Memory in module/entity instruction_memory does not have driver. [C:/Users/ADMIN/Vivado_project/instruction_memory/instruction_memory.srcs/sources_1/new/instruction_memory.v:29]
WARNING: [Synth 8-3848] Net Memory in module/entity instruction_memory does not have driver. [C:/Users/ADMIN/Vivado_project/instruction_memory/instruction_memory.srcs/sources_1/new/instruction_memory.v:29]
WARNING: [Synth 8-3848] Net Memory in module/entity instruction_memory does not have driver. [C:/Users/ADMIN/Vivado_project/instruction_memory/instruction_memory.srcs/sources_1/new/instruction_memory.v:29]
WARNING: [Synth 8-3848] Net Memory in module/entity instruction_memory does not have driver. [C:/Users/ADMIN/Vivado_project/instruction_memory/instruction_memory.srcs/sources_1/new/instruction_memory.v:29]
WARNING: [Synth 8-3848] Net Memory in module/entity instruction_memory does not have driver. [C:/Users/ADMIN/Vivado_project/instruction_memory/instruction_memory.srcs/sources_1/new/instruction_memory.v:29]
WARNING: [Synth 8-3848] Net Memory in module/entity instruction_memory does not have driver. [C:/Users/ADMIN/Vivado_project/instruction_memory/instruction_memory.srcs/sources_1/new/instruction_memory.v:29]
WARNING: [Synth 8-3848] Net Memory in module/entity instruction_memory does not have driver. [C:/Users/ADMIN/Vivado_project/instruction_memory/instruction_memory.srcs/sources_1/new/instruction_memory.v:29]
WARNING: [Synth 8-3848] Net Memory in module/entity instruction_memory does not have driver. [C:/Users/ADMIN/Vivado_project/instruction_memory/instruction_memory.srcs/sources_1/new/instruction_memory.v:29]
WARNING: [Synth 8-3848] Net Memory in module/entity instruction_memory does not have driver. [C:/Users/ADMIN/Vivado_project/instruction_memory/instruction_memory.srcs/sources_1/new/instruction_memory.v:29]
WARNING: [Synth 8-3848] Net Memory in module/entity instruction_memory does not have driver. [C:/Users/ADMIN/Vivado_project/instruction_memory/instruction_memory.srcs/sources_1/new/instruction_memory.v:29]
WARNING: [Synth 8-3848] Net Memory in module/entity instruction_memory does not have driver. [C:/Users/ADMIN/Vivado_project/instruction_memory/instruction_memory.srcs/sources_1/new/instruction_memory.v:29]
WARNING: [Synth 8-3848] Net Memory in module/entity instruction_memory does not have driver. [C:/Users/ADMIN/Vivado_project/instruction_memory/instruction_memory.srcs/sources_1/new/instruction_memory.v:29]
WARNING: [Synth 8-3848] Net Memory in module/entity instruction_memory does not have driver. [C:/Users/ADMIN/Vivado_project/instruction_memory/instruction_memory.srcs/sources_1/new/instruction_memory.v:29]
WARNING: [Synth 8-3848] Net Memory in module/entity instruction_memory does not have driver. [C:/Users/ADMIN/Vivado_project/instruction_memory/instruction_memory.srcs/sources_1/new/instruction_memory.v:29]
WARNING: [Synth 8-3848] Net Memory in module/entity instruction_memory does not have driver. [C:/Users/ADMIN/Vivado_project/instruction_memory/instruction_memory.srcs/sources_1/new/instruction_memory.v:29]
WARNING: [Synth 8-3848] Net Memory in module/entity instruction_memory does not have driver. [C:/Users/ADMIN/Vivado_project/instruction_memory/instruction_memory.srcs/sources_1/new/instruction_memory.v:29]
WARNING: [Synth 8-3848] Net Memory in module/entity instruction_memory does not have driver. [C:/Users/ADMIN/Vivado_project/instruction_memory/instruction_memory.srcs/sources_1/new/instruction_memory.v:29]
WARNING: [Synth 8-3848] Net Memory in module/entity instruction_memory does not have driver. [C:/Users/ADMIN/Vivado_project/instruction_memory/instruction_memory.srcs/sources_1/new/instruction_memory.v:29]
WARNING: [Synth 8-3848] Net Memory in module/entity instruction_memory does not have driver. [C:/Users/ADMIN/Vivado_project/instruction_memory/instruction_memory.srcs/sources_1/new/instruction_memory.v:29]
WARNING: [Synth 8-3848] Net Memory in module/entity instruction_memory does not have driver. [C:/Users/ADMIN/Vivado_project/instruction_memory/instruction_memory.srcs/sources_1/new/instruction_memory.v:29]
WARNING: [Synth 8-3848] Net Memory in module/entity instruction_memory does not have driver. [C:/Users/ADMIN/Vivado_project/instruction_memory/instruction_memory.srcs/sources_1/new/instruction_memory.v:29]
WARNING: [Synth 8-3848] Net Memory in module/entity instruction_memory does not have driver. [C:/Users/ADMIN/Vivado_project/instruction_memory/instruction_memory.srcs/sources_1/new/instruction_memory.v:29]
WARNING: [Synth 8-3848] Net Memory in module/entity instruction_memory does not have driver. [C:/Users/ADMIN/Vivado_project/instruction_memory/instruction_memory.srcs/sources_1/new/instruction_memory.v:29]
WARNING: [Synth 8-3848] Net Memory in module/entity instruction_memory does not have driver. [C:/Users/ADMIN/Vivado_project/instruction_memory/instruction_memory.srcs/sources_1/new/instruction_memory.v:29]
WARNING: [Synth 8-3848] Net Memory in module/entity instruction_memory does not have driver. [C:/Users/ADMIN/Vivado_project/instruction_memory/instruction_memory.srcs/sources_1/new/instruction_memory.v:29]
WARNING: [Synth 8-3848] Net Memory in module/entity instruction_memory does not have driver. [C:/Users/ADMIN/Vivado_project/instruction_memory/instruction_memory.srcs/sources_1/new/instruction_memory.v:29]
WARNING: [Synth 8-3848] Net Memory in module/entity instruction_memory does not have driver. [C:/Users/ADMIN/Vivado_project/instruction_memory/instruction_memory.srcs/sources_1/new/instruction_memory.v:29]
WARNING: [Synth 8-3848] Net Memory in module/entity instruction_memory does not have driver. [C:/Users/ADMIN/Vivado_project/instruction_memory/instruction_memory.srcs/sources_1/new/instruction_memory.v:29]
WARNING: [Synth 8-3848] Net Memory in module/entity instruction_memory does not have driver. [C:/Users/ADMIN/Vivado_project/instruction_memory/instruction_memory.srcs/sources_1/new/instruction_memory.v:29]
WARNING: [Synth 8-3848] Net Memory in module/entity instruction_memory does not have driver. [C:/Users/ADMIN/Vivado_project/instruction_memory/instruction_memory.srcs/sources_1/new/instruction_memory.v:29]
WARNING: [Synth 8-3848] Net Memory in module/entity instruction_memory does not have driver. [C:/Users/ADMIN/Vivado_project/instruction_memory/instruction_memory.srcs/sources_1/new/instruction_memory.v:29]
WARNING: [Synth 8-3848] Net Memory in module/entity instruction_memory does not have driver. [C:/Users/ADMIN/Vivado_project/instruction_memory/instruction_memory.srcs/sources_1/new/instruction_memory.v:29]
WARNING: [Synth 8-3848] Net Memory in module/entity instruction_memory does not have driver. [C:/Users/ADMIN/Vivado_project/instruction_memory/instruction_memory.srcs/sources_1/new/instruction_memory.v:29]
WARNING: [Synth 8-3848] Net Memory in module/entity instruction_memory does not have driver. [C:/Users/ADMIN/Vivado_project/instruction_memory/instruction_memory.srcs/sources_1/new/instruction_memory.v:29]
WARNING: [Synth 8-3848] Net Memory in module/entity instruction_memory does not have driver. [C:/Users/ADMIN/Vivado_project/instruction_memory/instruction_memory.srcs/sources_1/new/instruction_memory.v:29]
WARNING: [Synth 8-3848] Net Memory in module/entity instruction_memory does not have driver. [C:/Users/ADMIN/Vivado_project/instruction_memory/instruction_memory.srcs/sources_1/new/instruction_memory.v:29]
WARNING: [Synth 8-3848] Net Memory in module/entity instruction_memory does not have driver. [C:/Users/ADMIN/Vivado_project/instruction_memory/instruction_memory.srcs/sources_1/new/instruction_memory.v:29]
WARNING: [Synth 8-3848] Net Memory in module/entity instruction_memory does not have driver. [C:/Users/ADMIN/Vivado_project/instruction_memory/instruction_memory.srcs/sources_1/new/instruction_memory.v:29]
WARNING: [Synth 8-3848] Net Memory in module/entity instruction_memory does not have driver. [C:/Users/ADMIN/Vivado_project/instruction_memory/instruction_memory.srcs/sources_1/new/instruction_memory.v:29]
WARNING: [Synth 8-3848] Net Memory in module/entity instruction_memory does not have driver. [C:/Users/ADMIN/Vivado_project/instruction_memory/instruction_memory.srcs/sources_1/new/instruction_memory.v:29]
WARNING: [Synth 8-3848] Net Memory in module/entity instruction_memory does not have driver. [C:/Users/ADMIN/Vivado_project/instruction_memory/instruction_memory.srcs/sources_1/new/instruction_memory.v:29]
WARNING: [Synth 8-3848] Net Memory in module/entity instruction_memory does not have driver. [C:/Users/ADMIN/Vivado_project/instruction_memory/instruction_memory.srcs/sources_1/new/instruction_memory.v:29]
WARNING: [Synth 8-3848] Net Memory in module/entity instruction_memory does not have driver. [C:/Users/ADMIN/Vivado_project/instruction_memory/instruction_memory.srcs/sources_1/new/instruction_memory.v:29]
WARNING: [Synth 8-3848] Net Memory in module/entity instruction_memory does not have driver. [C:/Users/ADMIN/Vivado_project/instruction_memory/instruction_memory.srcs/sources_1/new/instruction_memory.v:29]
WARNING: [Synth 8-3848] Net Memory in module/entity instruction_memory does not have driver. [C:/Users/ADMIN/Vivado_project/instruction_memory/instruction_memory.srcs/sources_1/new/instruction_memory.v:29]
WARNING: [Synth 8-3848] Net Memory in module/entity instruction_memory does not have driver. [C:/Users/ADMIN/Vivado_project/instruction_memory/instruction_memory.srcs/sources_1/new/instruction_memory.v:29]
WARNING: [Synth 8-3848] Net Memory in module/entity instruction_memory does not have driver. [C:/Users/ADMIN/Vivado_project/instruction_memory/instruction_memory.srcs/sources_1/new/instruction_memory.v:29]
WARNING: [Synth 8-3848] Net Memory in module/entity instruction_memory does not have driver. [C:/Users/ADMIN/Vivado_project/instruction_memory/instruction_memory.srcs/sources_1/new/instruction_memory.v:29]
WARNING: [Synth 8-3848] Net Memory in module/entity instruction_memory does not have driver. [C:/Users/ADMIN/Vivado_project/instruction_memory/instruction_memory.srcs/sources_1/new/instruction_memory.v:29]
WARNING: [Synth 8-3848] Net Memory in module/entity instruction_memory does not have driver. [C:/Users/ADMIN/Vivado_project/instruction_memory/instruction_memory.srcs/sources_1/new/instruction_memory.v:29]
WARNING: [Synth 8-3848] Net Memory in module/entity instruction_memory does not have driver. [C:/Users/ADMIN/Vivado_project/instruction_memory/instruction_memory.srcs/sources_1/new/instruction_memory.v:29]
WARNING: [Synth 8-3848] Net Memory in module/entity instruction_memory does not have driver. [C:/Users/ADMIN/Vivado_project/instruction_memory/instruction_memory.srcs/sources_1/new/instruction_memory.v:29]
WARNING: [Synth 8-3848] Net Memory in module/entity instruction_memory does not have driver. [C:/Users/ADMIN/Vivado_project/instruction_memory/instruction_memory.srcs/sources_1/new/instruction_memory.v:29]
WARNING: [Synth 8-3848] Net Memory in module/entity instruction_memory does not have driver. [C:/Users/ADMIN/Vivado_project/instruction_memory/instruction_memory.srcs/sources_1/new/instruction_memory.v:29]
WARNING: [Synth 8-3848] Net Memory in module/entity instruction_memory does not have driver. [C:/Users/ADMIN/Vivado_project/instruction_memory/instruction_memory.srcs/sources_1/new/instruction_memory.v:29]
WARNING: [Synth 8-3848] Net Memory in module/entity instruction_memory does not have driver. [C:/Users/ADMIN/Vivado_project/instruction_memory/instruction_memory.srcs/sources_1/new/instruction_memory.v:29]
WARNING: [Synth 8-3848] Net Memory in module/entity instruction_memory does not have driver. [C:/Users/ADMIN/Vivado_project/instruction_memory/instruction_memory.srcs/sources_1/new/instruction_memory.v:29]
INFO: [Common 17-14] Message 'Synth 8-3848' appears 100 times and further instances of the messages will be disabled. Use the Tcl command set_msg_config to change the current settings.
INFO: [Synth 8-6155] done synthesizing module 'instruction_memory' (1#1) [C:/Users/ADMIN/Vivado_project/instruction_memory/instruction_memory.srcs/sources_1/new/instruction_memory.v:23]
WARNING: [Synth 8-3331] design instruction_memory has unconnected port address[31]
WARNING: [Synth 8-3331] design instruction_memory has unconnected port address[30]
WARNING: [Synth 8-3331] design instruction_memory has unconnected port address[29]
WARNING: [Synth 8-3331] design instruction_memory has unconnected port address[28]
WARNING: [Synth 8-3331] design instruction_memory has unconnected port address[27]
WARNING: [Synth 8-3331] design instruction_memory has unconnected port address[26]
WARNING: [Synth 8-3331] design instruction_memory has unconnected port address[25]
WARNING: [Synth 8-3331] design instruction_memory has unconnected port address[24]
WARNING: [Synth 8-3331] design instruction_memory has unconnected port address[23]
WARNING: [Synth 8-3331] design instruction_memory has unconnected port address[22]
WARNING: [Synth 8-3331] design instruction_memory has unconnected port address[21]
WARNING: [Synth 8-3331] design instruction_memory has unconnected port address[20]
WARNING: [Synth 8-3331] design instruction_memory has unconnected port address[19]
WARNING: [Synth 8-3331] design instruction_memory has unconnected port address[18]
WARNING: [Synth 8-3331] design instruction_memory has unconnected port address[17]
WARNING: [Synth 8-3331] design instruction_memory has unconnected port address[16]
WARNING: [Synth 8-3331] design instruction_memory has unconnected port address[15]
WARNING: [Synth 8-3331] design instruction_memory has unconnected port address[14]
WARNING: [Synth 8-3331] design instruction_memory has unconnected port address[13]
WARNING: [Synth 8-3331] design instruction_memory has unconnected port address[12]
WARNING: [Synth 8-3331] design instruction_memory has unconnected port address[1]
WARNING: [Synth 8-3331] design instruction_memory has unconnected port address[0]
---------------------------------------------------------------------------------
Finished Synthesize : Time (s): cpu = 00:00:04 ; elapsed = 00:00:07 . Memory (MB): peak = 470.660 ; gain = 157.637
---------------------------------------------------------------------------------
---------------------------------------------------------------------------------
Finished Constraint Validation : Time (s): cpu = 00:00:04 ; elapsed = 00:00:08 . Memory (MB): peak = 470.660 ; gain = 157.637
---------------------------------------------------------------------------------
---------------------------------------------------------------------------------
Start Loading Part and Timing Information
---------------------------------------------------------------------------------
Loading part: xc7a35tcpg236-1
INFO: [Device 21-403] Loading part xc7a35tcpg236-1
---------------------------------------------------------------------------------
Finished Loading Part and Timing Information : Time (s): cpu = 00:00:04 ; elapsed = 00:00:08 . Memory (MB): peak = 470.660 ; gain = 157.637
---------------------------------------------------------------------------------
---------------------------------------------------------------------------------
Finished RTL Optimization Phase 2 : Time (s): cpu = 00:00:05 ; elapsed = 00:00:09 . Memory (MB): peak = 470.660 ; gain = 157.637
---------------------------------------------------------------------------------

Report RTL Partitions: 
+-+--------------+------------+----------+
| |RTL Partition |Replication |Instances |
+-+--------------+------------+----------+
+-+--------------+------------+----------+
No constraint files found.
---------------------------------------------------------------------------------
Start RTL Component Statistics 
---------------------------------------------------------------------------------
Detailed RTL Component Info : 
+---Muxes : 
	   2 Input     32 Bit        Muxes := 1     
---------------------------------------------------------------------------------
Finished RTL Component Statistics 
---------------------------------------------------------------------------------
---------------------------------------------------------------------------------
Start RTL Hierarchical Component Statistics 
---------------------------------------------------------------------------------
Hierarchical RTL Component report 
Module instruction_memory 
Detailed RTL Component Info : 
+---Muxes : 
	   2 Input     32 Bit        Muxes := 1     
---------------------------------------------------------------------------------
Finished RTL Hierarchical Component Statistics
---------------------------------------------------------------------------------
---------------------------------------------------------------------------------
Start Part Resource Summary
---------------------------------------------------------------------------------
Part Resources:
DSPs: 90 (col length:60)
BRAMs: 100 (col length: RAMB18 60 RAMB36 30)
---------------------------------------------------------------------------------
Finished Part Resource Summary
---------------------------------------------------------------------------------
No constraint files found.
---------------------------------------------------------------------------------
Start Cross Boundary and Area Optimization
---------------------------------------------------------------------------------
Warning: Parallel synthesis criteria is not met 
WARNING: [Synth 8-3331] design instruction_memory has unconnected port address[31]
WARNING: [Synth 8-3331] design instruction_memory has unconnected port address[30]
WARNING: [Synth 8-3331] design instruction_memory has unconnected port address[29]
WARNING: [Synth 8-3331] design instruction_memory has unconnected port address[28]
WARNING: [Synth 8-3331] design instruction_memory has unconnected port address[27]
WARNING: [Synth 8-3331] design instruction_memory has unconnected port address[26]
WARNING: [Synth 8-3331] design instruction_memory has unconnected port address[25]
WARNING: [Synth 8-3331] design instruction_memory has unconnected port address[24]
WARNING: [Synth 8-3331] design instruction_memory has unconnected port address[23]
WARNING: [Synth 8-3331] design instruction_memory has unconnected port address[22]
WARNING: [Synth 8-3331] design instruction_memory has unconnected port address[21]
WARNING: [Synth 8-3331] design instruction_memory has unconnected port address[20]
WARNING: [Synth 8-3331] design instruction_memory has unconnected port address[19]
WARNING: [Synth 8-3331] design instruction_memory has unconnected port address[18]
WARNING: [Synth 8-3331] design instruction_memory has unconnected port address[17]
WARNING: [Synth 8-3331] design instruction_memory has unconnected port address[16]
WARNING: [Synth 8-3331] design instruction_memory has unconnected port address[15]
WARNING: [Synth 8-3331] design instruction_memory has unconnected port address[14]
WARNING: [Synth 8-3331] design instruction_memory has unconnected port address[13]
WARNING: [Synth 8-3331] design instruction_memory has unconnected port address[12]
WARNING: [Synth 8-3331] design instruction_memory has unconnected port address[1]
WARNING: [Synth 8-3331] design instruction_memory has unconnected port address[0]
---------------------------------------------------------------------------------
Finished Cross Boundary and Area Optimization : Time (s): cpu = 00:00:21 ; elapsed = 00:00:30 . Memory (MB): peak = 673.836 ; gain = 360.812
---------------------------------------------------------------------------------

Report RTL Partitions: 
+-+--------------+------------+----------+
| |RTL Partition |Replication |Instances |
+-+--------------+------------+----------+
+-+--------------+------------+----------+
No constraint files found.
---------------------------------------------------------------------------------
Start Timing Optimization
---------------------------------------------------------------------------------
---------------------------------------------------------------------------------
Finished Timing Optimization : Time (s): cpu = 00:00:21 ; elapsed = 00:00:31 . Memory (MB): peak = 673.836 ; gain = 360.812
---------------------------------------------------------------------------------

Report RTL Partitions: 
+-+--------------+------------+----------+
| |RTL Partition |Replication |Instances |
+-+--------------+------------+----------+
+-+--------------+------------+----------+
---------------------------------------------------------------------------------
Start Technology Mapping
---------------------------------------------------------------------------------
---------------------------------------------------------------------------------
Finished Technology Mapping : Time (s): cpu = 00:00:21 ; elapsed = 00:00:31 . Memory (MB): peak = 673.836 ; gain = 360.812
---------------------------------------------------------------------------------

Report RTL Partitions: 
+-+--------------+------------+----------+
| |RTL Partition |Replication |Instances |
+-+--------------+------------+----------+
+-+--------------+------------+----------+
---------------------------------------------------------------------------------
Start IO Insertion
---------------------------------------------------------------------------------
---------------------------------------------------------------------------------
Start Flattening Before IO Insertion
---------------------------------------------------------------------------------
---------------------------------------------------------------------------------
Finished Flattening Before IO Insertion
---------------------------------------------------------------------------------
---------------------------------------------------------------------------------
Start Final Netlist Cleanup
---------------------------------------------------------------------------------
---------------------------------------------------------------------------------
Finished Final Netlist Cleanup
---------------------------------------------------------------------------------
---------------------------------------------------------------------------------
Finished IO Insertion : Time (s): cpu = 00:00:23 ; elapsed = 00:00:33 . Memory (MB): peak = 673.836 ; gain = 360.812
---------------------------------------------------------------------------------

Report Check Netlist: 
+------+------------------+-------+---------+-------+------------------+
|      |Item              |Errors |Warnings |Status |Description       |
+------+------------------+-------+---------+-------+------------------+
|1     |multi_driven_nets |      0|        0|Passed |Multi driven nets |
+------+------------------+-------+---------+-------+------------------+
---------------------------------------------------------------------------------
Start Renaming Generated Instances
---------------------------------------------------------------------------------
---------------------------------------------------------------------------------
Finished Renaming Generated Instances : Time (s): cpu = 00:00:23 ; elapsed = 00:00:33 . Memory (MB): peak = 673.836 ; gain = 360.812
---------------------------------------------------------------------------------

Report RTL Partitions: 
+-+--------------+------------+----------+
| |RTL Partition |Replication |Instances |
+-+--------------+------------+----------+
+-+--------------+------------+----------+
---------------------------------------------------------------------------------
Start Rebuilding User Hierarchy
---------------------------------------------------------------------------------
---------------------------------------------------------------------------------
Finished Rebuilding User Hierarchy : Time (s): cpu = 00:00:23 ; elapsed = 00:00:33 . Memory (MB): peak = 673.836 ; gain = 360.812
---------------------------------------------------------------------------------
---------------------------------------------------------------------------------
Start Renaming Generated Ports
---------------------------------------------------------------------------------
---------------------------------------------------------------------------------
Finished Renaming Generated Ports : Time (s): cpu = 00:00:23 ; elapsed = 00:00:33 . Memory (MB): peak = 673.836 ; gain = 360.812
---------------------------------------------------------------------------------
---------------------------------------------------------------------------------
Start Handling Custom Attributes
---------------------------------------------------------------------------------
---------------------------------------------------------------------------------
Finished Handling Custom Attributes : Time (s): cpu = 00:00:23 ; elapsed = 00:00:33 . Memory (MB): peak = 673.836 ; gain = 360.812
---------------------------------------------------------------------------------
---------------------------------------------------------------------------------
Start Renaming Generated Nets
---------------------------------------------------------------------------------
---------------------------------------------------------------------------------
Finished Renaming Generated Nets : Time (s): cpu = 00:00:23 ; elapsed = 00:00:33 . Memory (MB): peak = 673.836 ; gain = 360.812
---------------------------------------------------------------------------------
---------------------------------------------------------------------------------
Start Writing Synthesis Report
---------------------------------------------------------------------------------

Report BlackBoxes: 
+-+--------------+----------+
| |BlackBox name |Instances |
+-+--------------+----------+
+-+--------------+----------+

Report Cell Usage: 
+------+-----+------+
|      |Cell |Count |
+------+-----+------+
|1     |OBUF |    32|
+------+-----+------+

Report Instance Areas: 
+------+---------+-------+------+
|      |Instance |Module |Cells |
+------+---------+-------+------+
|1     |top      |       |    32|
+------+---------+-------+------+
---------------------------------------------------------------------------------
Finished Writing Synthesis Report : Time (s): cpu = 00:00:23 ; elapsed = 00:00:33 . Memory (MB): peak = 673.836 ; gain = 360.812
---------------------------------------------------------------------------------
Synthesis finished with 0 errors, 0 critical warnings and 1068 warnings.
Synthesis Optimization Runtime : Time (s): cpu = 00:00:23 ; elapsed = 00:00:33 . Memory (MB): peak = 673.836 ; gain = 360.812
Synthesis Optimization Complete : Time (s): cpu = 00:00:23 ; elapsed = 00:00:33 . Memory (MB): peak = 673.836 ; gain = 360.812
INFO: [Project 1-571] Translating synthesized netlist
INFO: [Project 1-570] Preparing netlist for logic optimization
INFO: [Opt 31-138] Pushed 0 inverter(s) to 0 load pin(s).
INFO: [Project 1-111] Unisim Transformation Summary:
No Unisim elements were transformed.

INFO: [Common 17-83] Releasing license: Synthesis
10 Infos, 144 Warnings, 0 Critical Warnings and 0 Errors encountered.
synth_design completed successfully
synth_design: Time (s): cpu = 00:00:29 ; elapsed = 00:00:47 . Memory (MB): peak = 700.086 ; gain = 399.887
WARNING: [Constraints 18-5210] No constraint will be written out.
INFO: [Common 17-1381] The checkpoint 'C:/Users/ADMIN/Vivado_project/instruction_memory/instruction_memory.runs/synth_1/instruction_memory.dcp' has been generated.
INFO: [runtcl-4] Executing : report_utilization -file instruction_memory_utilization_synth.rpt -pb instruction_memory_utilization_synth.pb
report_utilization: Time (s): cpu = 00:00:00 ; elapsed = 00:00:00.066 . Memory (MB): peak = 700.086 ; gain = 0.000
INFO: [Common 17-206] Exiting Vivado at Wed Nov 27 14:51:16 2024...
