Vivado Simulator 2018.2
Time resolution is 1 ps
Writing to register  0:          0, 1
Writing to register  x:          x, 0
Writing to register  0:          0, 1
Writing to register  1:          1, 1
Writing to register 31:          0, 1
Writing to register  0:          0, 0
Writing to register 31:          4, 1
Writing to register  X:          X, 0
Writing to register  3:          0, 1
Writing to register  4:         31, 1
Writing to register  X:          X, 0
Writing to register  5:          1, 1
Writing to register 31:          8, 1
Writing to register  X:          X, 0
Writing to register  0:          1, 1
Writing to register  1:          1, 1
Writing to register  3:          1, 1
Writing to register  0:          x, 0
Writing to register  X:          X, 0
Writing to register  5:          2, 1
Writing to register 31:         12, 1
Writing to register  X:          X, 0
Writing to register  0:          1, 1
Writing to register  1:          2, 1
Writing to register  3:          2, 1
Writing to register  0:          x, 0
Writing to register  X:          X, 0
Writing to register  5:          3, 1
Writing to register 31:         16, 1
Writing to register  X:          X, 0
Writing to register  0:          2, 1
Writing to register  1:          3, 1
Writing to register  3:          3, 1
Writing to register  0:          x, 0
Writing to register  X:          X, 0
Writing to register  5:          5, 1
Writing to register 31:         20, 1
Writing to register  X:          X, 0
Writing to register  0:          3, 1
Writing to register  1:          5, 1
Writing to register  3:          4, 1
Writing to register  0:          x, 0
Writing to register  X:          X, 0
Writing to register  5:          8, 1
Writing to register 31:         24, 1
Writing to register  X:          X, 0
Writing to register  0:          5, 1
Writing to register  1:          8, 1
Writing to register  3:          5, 1
Writing to register  0:          x, 0
Writing to register  X:          X, 0
Writing to register  5:         13, 1
Writing to register 31:         28, 1
Writing to register  X:          X, 0
Writing to register  0:          8, 1
Writing to register  1:         13, 1
Writing to register  3:          6, 1
Writing to register  0:          x, 0
Writing to register  X:          X, 0
Writing to register  5:         21, 1
Writing to register 31:         32, 1
Writing to register  X:          X, 0
Writing to register  0:         13, 1
Writing to register  1:         21, 1
Writing to register  3:          7, 1
Writing to register  0:          x, 0
Writing to register  X:          X, 0
Writing to register  5:         34, 1
Writing to register 31:         36, 1
Writing to register  X:          X, 0
Writing to register  0:         21, 1
Writing to register  1:         34, 1
Writing to register  3:          8, 1
Writing to register  0:          x, 0
Writing to register  X:          X, 0
Writing to register  5:         55, 1
Writing to register 31:         40, 1
Writing to register  X:          X, 0
Writing to register  0:         34, 1
Writing to register  1:         55, 1
Writing to register  3:          9, 1
Writing to register  0:          x, 0
Writing to register  X:          X, 0
Writing to register  5:         89, 1
Writing to register 31:         44, 1
Writing to register  X:          X, 0
Writing to register  0:         55, 1
Writing to register  1:         89, 1
Writing to register  3:         10, 1
Writing to register  0:          x, 0
Writing to register  X:          X, 0
Writing to register  5:        144, 1
Writing to register 31:         48, 1
Writing to register  X:          X, 0
Writing to register  0:         89, 1
Writing to register  1:        144, 1
Writing to register  3:         11, 1
Writing to register  0:          x, 0
Writing to register  X:          X, 0
Writing to register  5:        233, 1
Writing to register 31:         52, 1
Writing to register  X:          X, 0
Writing to register  0:        144, 1
Writing to register  1:        233, 1
Writing to register  3:         12, 1
Writing to register  0:          x, 0
Writing to register  X:          X, 0
Writing to register  5:        377, 1
Writing to register 31:         56, 1
Writing to register  X:          X, 0
Writing to register  0:        233, 1
Writing to register  1:        377, 1
Writing to register  3:         13, 1
Writing to register  0:          x, 0
Writing to register  X:          X, 0
Writing to register  5:        610, 1
Writing to register 31:         60, 1
Writing to register  X:          X, 0
Writing to register  0:        377, 1
Writing to register  1:        610, 1
Writing to register  3:         14, 1
Writing to register  0:          x, 0
Writing to register  X:          X, 0
Writing to register  5:        987, 1
Writing to register 31:         64, 1
Writing to register  X:          X, 0
Writing to register  0:        610, 1
Writing to register  1:        987, 1
Writing to register  3:         15, 1
Writing to register  0:          x, 0
Writing to register  X:          X, 0
Writing to register  5:       1597, 1
Writing to register 31:         68, 1
Writing to register  X:          X, 0
Writing to register  0:        987, 1
Writing to register  1:       1597, 1
Writing to register  3:         16, 1
Writing to register  0:          x, 0
Writing to register  X:          X, 0
Writing to register  5:       2584, 1
Writing to register 31:         72, 1
Writing to register  X:          X, 0
Writing to register  0:       1597, 1
Writing to register  1:       2584, 1
Writing to register  3:         17, 1
Writing to register  0:          x, 0
Writing to register  X:          X, 0
Writing to register  5:       4181, 1
Writing to register 31:         76, 1
Writing to register  X:          X, 0
Writing to register  0:       2584, 1
Writing to register  1:       4181, 1
Writing to register  3:         18, 1
Writing to register  0:          x, 0
Writing to register  X:          X, 0
Writing to register  5:       6765, 1
Writing to register 31:         80, 1
Writing to register  X:          X, 0
Writing to register  0:       4181, 1
Writing to register  1:       6765, 1
Writing to register  3:         19, 1
Writing to register  0:          x, 0
Writing to register  X:          X, 0
Writing to register  5:      10946, 1
Writing to register 31:         84, 1
Writing to register  X:          X, 0
Writing to register  0:       6765, 1
Writing to register  1:      10946, 1
Writing to register  3:         20, 1
Writing to register  0:          x, 0
Writing to register  X:          X, 0
Writing to register  5:      17711, 1
Writing to register 31:         88, 1
Writing to register  X:          X, 0
Writing to register  0:      10946, 1
Writing to register  1:      17711, 1
Writing to register  3:         21, 1
Writing to register  0:          x, 0
Writing to register  X:          X, 0
Writing to register  5:      28657, 1
Writing to register 31:         92, 1
Writing to register  X:          X, 0
Writing to register  0:      17711, 1
Writing to register  1:      28657, 1
Writing to register  3:         22, 1
Writing to register  0:          x, 0
Writing to register  X:          X, 0
Writing to register  5:      46368, 1
Writing to register 31:         96, 1
Writing to register  X:          X, 0
Writing to register  0:      28657, 1
Writing to register  1:      46368, 1
Writing to register  3:         23, 1
Writing to register  0:          x, 0
Writing to register  X:          X, 0
Writing to register  5:      75025, 1
Writing to register 31:        100, 1
Writing to register  X:          X, 0
Writing to register  0:      46368, 1
Writing to register  1:      75025, 1
Writing to register  3:         24, 1
Writing to register  0:          x, 0
Writing to register  X:          X, 0
Writing to register  5:     121393, 1
Writing to register 31:        104, 1
Writing to register  X:          X, 0
Writing to register  0:      75025, 1
Writing to register  1:     121393, 1
Writing to register  3:         25, 1
Writing to register  0:          x, 0
Writing to register  X:          X, 0
Writing to register  5:     196418, 1
Writing to register 31:        108, 1
Writing to register  X:          X, 0
Writing to register  0:     121393, 1
Writing to register  1:     196418, 1
Writing to register  3:         26, 1
Writing to register  0:          x, 0
Writing to register  X:          X, 0
Writing to register  5:     317811, 1
Writing to register 31:        112, 1
Writing to register  X:          X, 0
Writing to register  0:     196418, 1
Writing to register  1:     317811, 1
Writing to register  3:         27, 1
Writing to register  0:          x, 0
Writing to register  X:          X, 0
Writing to register  5:     514229, 1
Writing to register 31:        116, 1
Writing to register  X:          X, 0
Writing to register  0:     317811, 1
Writing to register  1:     514229, 1
Writing to register  3:         28, 1
Writing to register  0:          x, 0
Writing to register  X:          X, 0
Writing to register  5:     832040, 1
Writing to register 31:        120, 1
Writing to register  X:          X, 0
Writing to register  0:     514229, 1
Writing to register  1:     832040, 1
Writing to register  3:         29, 1
Writing to register  0:          x, 0
Writing to register  X:          X, 0
Writing to register  5:    1346269, 1
Writing to register 31:        124, 1
Writing to register  X:          X, 0
Writing to register  0:     832040, 1
Writing to register  1:    1346269, 1
Writing to register  3:         30, 1
Writing to register  0:          x, 0
Writing to register  X:          x, 0
Writing to register  5:    2178309, 1
Writing to register 31:        128, 1
Writing to register  X:          X, 0
Writing to register  0:    1346269, 1
Writing to register  1:    2178309, 1
Writing to register  3:         31, 1
Writing to register  0:          x, 0
Writing to register  X:          0, 0
Writing to register  x:          x, 0
Writing to register  x:          x, 0
Writing to register  x:          x, 0
Writing to register  x:          x, 0
Writing to register  x:          x, 0
Writing to register  x:          x, 0
Writing to register  x:          x, 0
Writing to register  x:          x, 0
Writing to register  x:          x, 0
Writing to register  x:          x, 0
Writing to register  x:          x, 0
Writing to register  x:          x, 0
Writing to register  x:          x, 0
Writing to register  x:          x, 0
Writing to register  x:          x, 0
Writing to register  x:          x, 0
Writing to register  x:          x, 0
Writing to register  x:          x, 0
Writing to register  x:          x, 0
Writing to register  x:          x, 0
Writing to register  x:          x, 0
Writing to register  x:          x, 0
Writing to register  x:          x, 0
Writing to register  x:          x, 0
Writing to register  x:          x, 0
Writing to register  x:          x, 0
Writing to register  x:          x, 0
Writing to register  x:          x, 0
Writing to register  x:          x, 0
Writing to register  x:          x, 0
Writing to register  x:          x, 0
Writing to register  x:          x, 0
Writing to register  x:          x, 0
Writing to register  x:          x, 0
Writing to register  x:          x, 0
Writing to register  x:          x, 0
Writing to register  x:          x, 0
Writing to register  x:          x, 0
Writing to register  x:          x, 0
Writing to register  x:          x, 0
Writing to register  x:          x, 0
Writing to register  x:          x, 0
Writing to register  x:          x, 0
Writing to register  x:          x, 0
Writing to register  x:          x, 0
Writing to register  x:          x, 0
Writing to register  x:          x, 0
Writing to register  x:          x, 0
Writing to register  x:          x, 0
Writing to register  x:          x, 0
Writing to register  x:          x, 0
Writing to register  x:          x, 0
Writing to register  x:          x, 0
Writing to register  x:          x, 0
Writing to register  x:          x, 0
Writing to register  x:          x, 0
Writing to register  x:          x, 0
Writing to register  x:          x, 0
Writing to register  x:          x, 0
Writing to register  x:          x, 0
Writing to register  x:          x, 0
Writing to register  x:          x, 0
Writing to register  x:          x, 0
Writing to register  x:          x, 0
Writing to register  x:          x, 0
Writing to register  x:          x, 0
Writing to register  x:          x, 0
Writing to register  x:          x, 0
Writing to register  x:          x, 0
Writing to register  x:          x, 0
Writing to register  x:          x, 0
Writing to register  x:          x, 0
Writing to register  x:          x, 0
Writing to register  x:          x, 0
Writing to register  x:          x, 0
Writing to register  x:          x, 0
Writing to register  x:          x, 0
Writing to register  x:          x, 0
Writing to register  x:          x, 0
Writing to register  x:          x, 0
Writing to register  x:          x, 0
Writing to register  x:          x, 0
Writing to register  x:          x, 0
Writing to register  x:          x, 0
Writing to register  x:          x, 0
Writing to register  x:          x, 0
Writing to register  x:          x, 0
Writing to register  x:          x, 0
Writing to register  x:          x, 0
Writing to register  x:          x, 0
Writing to register  x:          x, 0
Writing to register  x:          x, 0
Writing to register  x:          x, 0
Writing to register  x:          x, 0
Writing to register  x:          x, 0
Writing to register  x:          x, 0
Writing to register  x:          x, 0
Writing to register  x:          x, 0
Writing to register  x:          x, 0
Writing to register  x:          x, 0
Writing to register  x:          x, 0
Writing to register  x:          x, 0
Writing to register  x:          x, 0
Writing to register  x:          x, 0
Writing to register  x:          x, 0
Writing to register  x:          x, 0
Writing to register  x:          x, 0
Writing to register  x:          x, 0
Writing to register  x:          x, 0
Writing to register  x:          x, 0
Writing to register  x:          x, 0
Writing to register  x:          x, 0
Writing to register  x:          x, 0
Writing to register  x:          x, 0
Writing to register  x:          x, 0
Writing to register  x:          x, 0
Writing to register  x:          x, 0
Writing to register  x:          x, 0
Writing to register  x:          x, 0
Writing to register  x:          x, 0
Writing to register  x:          x, 0
Writing to register  x:          x, 0
Writing to register  x:          x, 0
Writing to register  x:          x, 0
Writing to register  x:          x, 0
Writing to register  x:          x, 0
Writing to register  x:          x, 0
Writing to register  x:          x, 0
Writing to register  x:          x, 0
Writing to register  x:          x, 0
Writing to register  x:          x, 0
Writing to register  x:          x, 0
Writing to register  x:          x, 0
Writing to register  x:          x, 0
Writing to register  x:          x, 0
Writing to register  x:          x, 0
Writing to register  x:          x, 0
Writing to register  x:          x, 0
Writing to register  x:          x, 0
Writing to register  x:          x, 0
Writing to register  x:          x, 0
Writing to register  x:          x, 0
Writing to register  x:          x, 0
Writing to register  x:          x, 0
Writing to register  x:          x, 0
Writing to register  x:          x, 0
Writing to register  x:          x, 0
Writing to register  x:          x, 0
Writing to register  x:          x, 0
Writing to register  x:          x, 0
Writing to register  x:          x, 0
Writing to register  x:          x, 0
Writing to register  x:          x, 0
Writing to register  x:          x, 0
Writing to register  x:          x, 0
Writing to register  x:          x, 0
Writing to register  x:          x, 0
Writing to register  x:          x, 0
Writing to register  x:          x, 0
Writing to register  x:          x, 0
Writing to register  x:          x, 0
Writing to register  x:          x, 0
Writing to register  x:          x, 0
Writing to register  x:          x, 0
Writing to register  x:          x, 0
Writing to register  x:          x, 0
Writing to register  x:          x, 0
Writing to register  x:          x, 0
Writing to register  x:          x, 0
Writing to register  x:          x, 0
Writing to register  x:          x, 0
Writing to register  x:          x, 0
Writing to register  x:          x, 0
Writing to register  x:          x, 0
Writing to register  x:          x, 0
Writing to register  x:          x, 0
Writing to register  x:          x, 0
Writing to register  x:          x, 0
Writing to register  x:          x, 0
Writing to register  x:          x, 0
Writing to register  x:          x, 0
Writing to register  x:          x, 0
Writing to register  x:          x, 0
Writing to register  x:          x, 0
Writing to register  x:          x, 0
Writing to register  x:          x, 0
Writing to register  x:          x, 0
Writing to register  x:          x, 0
Writing to register  x:          x, 0
Writing to register  x:          x, 0
Writing to register  x:          x, 0
Writing to register  x:          x, 0
Writing to register  x:          x, 0
Writing to register  x:          x, 0
Writing to register  x:          x, 0
Writing to register  x:          x, 0
Writing to register  x:          x, 0
Writing to register  x:          x, 0
Writing to register  x:          x, 0
Writing to register  x:          x, 0
Writing to register  x:          x, 0
Writing to register  x:          x, 0
Writing to register  x:          x, 0
Writing to register  x:          x, 0
Writing to register  x:          x, 0
Writing to register  x:          x, 0
Writing to register  x:          x, 0
Writing to register  x:          x, 0
Writing to register  x:          x, 0
Writing to register  x:          x, 0
Writing to register  x:          x, 0
Writing to register  x:          x, 0
Writing to register  x:          x, 0
Writing to register  x:          x, 0
Writing to register  x:          x, 0
Writing to register  x:          x, 0
Writing to register  x:          x, 0
Writing to register  x:          x, 0
Writing to register  x:          x, 0
Writing to register  x:          x, 0
Writing to register  x:          x, 0
Writing to register  x:          x, 0
Writing to register  x:          x, 0
Writing to register  x:          x, 0
Writing to register  x:          x, 0
Writing to register  x:          x, 0
Writing to register  x:          x, 0
Writing to register  x:          x, 0
Writing to register  x:          x, 0
Writing to register  x:          x, 0
Writing to register  x:          x, 0
Writing to register  x:          x, 0
Writing to register  x:          x, 0
Writing to register  x:          x, 0
Writing to register  x:          x, 0
Writing to register  x:          x, 0
Writing to register  x:          x, 0
Writing to register  x:          x, 0
Writing to register  x:          x, 0
Writing to register  x:          x, 0
Writing to register  x:          x, 0
